0 info it worked if it ends with ok
1 verbose cli [ '/usr/local/Cellar/node/6.2.0/bin/node',
1 verbose cli   '/usr/local/bin/npm',
1 verbose cli   'run',
1 verbose cli   'browserbuild' ]
2 info using npm@3.9.0
3 info using node@v6.2.0
4 verbose run-script [ 'prebrowserbuild', 'browserbuild', 'postbrowserbuild' ]
5 info lifecycle canvas-mirror@1.0.0~prebrowserbuild: canvas-mirror@1.0.0
6 silly lifecycle canvas-mirror@1.0.0~prebrowserbuild: no script for prebrowserbuild, continuing
7 info lifecycle canvas-mirror@1.0.0~browserbuild: canvas-mirror@1.0.0
8 verbose lifecycle canvas-mirror@1.0.0~browserbuild: unsafe-perm in lifecycle true
9 verbose lifecycle canvas-mirror@1.0.0~browserbuild: PATH: /usr/local/lib/node_modules/npm/bin/node-gyp-bin:/Users/wally/Documents/GitHub_Projects/CanvasMirror/node_modules/.bin:/usr/local/Cellar/node/6.2.0/bin:/usr/local/bin:/usr/bin:/bin:/usr/sbin:/sbin:/usr/local/CrossPack-AVR/bin:/usr/local/bin
10 verbose lifecycle canvas-mirror@1.0.0~browserbuild: CWD: /Users/wally/Documents/GitHub_Projects/CanvasMirror
11 silly lifecycle canvas-mirror@1.0.0~browserbuild: Args: [ '-c', 'browserify mirrorDraw.js > mirrorDraw_browser.js' ]
12 silly lifecycle canvas-mirror@1.0.0~browserbuild: Returned: code: 1  signal: null
13 info lifecycle canvas-mirror@1.0.0~browserbuild: Failed to exec browserbuild script
14 verbose stack Error: canvas-mirror@1.0.0 browserbuild: `browserify mirrorDraw.js > mirrorDraw_browser.js`
14 verbose stack Exit status 1
14 verbose stack     at EventEmitter.<anonymous> (/usr/local/lib/node_modules/npm/lib/utils/lifecycle.js:245:16)
14 verbose stack     at emitTwo (events.js:106:13)
14 verbose stack     at EventEmitter.emit (events.js:191:7)
14 verbose stack     at ChildProcess.<anonymous> (/usr/local/lib/node_modules/npm/lib/utils/spawn.js:24:14)
14 verbose stack     at emitTwo (events.js:106:13)
14 verbose stack     at ChildProcess.emit (events.js:191:7)
14 verbose stack     at maybeClose (internal/child_process.js:850:16)
14 verbose stack     at Process.ChildProcess._handle.onexit (internal/child_process.js:215:5)
15 verbose pkgid canvas-mirror@1.0.0
16 verbose cwd /Users/wally/Documents/GitHub_Projects/CanvasMirror/js
17 error Darwin 15.5.0
18 error argv "/usr/local/Cellar/node/6.2.0/bin/node" "/usr/local/bin/npm" "run" "browserbuild"
19 error node v6.2.0
20 error npm  v3.9.0
21 error code ELIFECYCLE
22 error canvas-mirror@1.0.0 browserbuild: `browserify mirrorDraw.js > mirrorDraw_browser.js`
22 error Exit status 1
23 error Failed at the canvas-mirror@1.0.0 browserbuild script 'browserify mirrorDraw.js > mirrorDraw_browser.js'.
23 error Make sure you have the latest version of node.js and npm installed.
23 error If you do, this is most likely a problem with the canvas-mirror package,
23 error not with npm itself.
23 error Tell the author that this fails on your system:
23 error     browserify mirrorDraw.js > mirrorDraw_browser.js
23 error You can get information on how to open an issue for this project with:
23 error     npm bugs canvas-mirror
23 error Or if that isn't available, you can get their info via:
23 error     npm owner ls canvas-mirror
23 error There is likely additional logging output above.
24 verbose exit [ 1, true ]
